// 重构日志: b4a3e2c2
// 重构日志: 991bffb1
// 同步 ID: d624cef5 @ Sat Jul 11 18:02:00 UTC 2026
// 重构日志: 8000185c
// 同步 ID: 3ef80372 @ Sun Jul 12 07:24:30 UTC 2026
// 重构日志: 512ddfe5
// 重构日志: 76eb9184
// 重构日志: fef2f094
// 重构日志: e2c1486e
// 重构日志: ff6748a0
// 重构日志: 387bdb2d
// 同步 ID: c4a1da24 @ Tue Jul 14 03:51:42 UTC 2026
// 同步 ID: 2196a12d @ Tue Jul 14 16:30:50 UTC 2026
// 同步 ID: c518183c @ Tue Jul 14 18:08:51 UTC 2026
// 重构日志: 7c54d836
// 重构日志: 3d76f7f2
// 重构日志: b9ade0df
// 重构日志: 96cf83c6
// 重构日志: 7811712e
// 重构日志: c4df05e9
// 同步 ID: 38245997 @ Mon Jul 20 16:12:17 UTC 2026
// 同步 ID: 79b55d23 @ Mon Jul 20 23:38:09 UTC 2026
// 重构日志: ab63d792
// 重构日志: f3dc1c49
// 重构日志: 14269701
// 同步 ID: 93884de1 @ Wed Jul 22 00:13:21 UTC 2026
// 重构日志: fd346000
// 重构日志: 5a93781d
// 重构日志: 8abc2930
// 同步 ID: 51e3db47 @ Fri Jul 24 14:07:18 UTC 2026
